1608890343460	mozrunner::runner	INFO	Running command: "/Applications/Firefox.app/Contents/MacOS/firefox-bin" "-marionette" "-foreground" "-no-remote" "-profile" "/var/folders/1f/7zs79q6j4pq_nrtq2qp7j06h0000gn/T/rust_mozprofileclZaWb"
console.warn: SearchSettings: "get: No settings file exists, new profile?" (new Error("", "(unknown module)"))
1608890353801	Marionette	INFO	Listening on port 58724
1608890353948	Marionette	WARN	TLS certificate errors will be ignored for this session
1608890360173	Marionette	INFO	Stopped listening on port 58724

###!!! [Parent][MessageChannel] Error: (msgtype=0x1F0011,name=PBackgroundStorage::Msg_Observe) Channel error: cannot send/recv


###!!! [Parent][MessageChannel] Error: (msgtype=0x1F0011,name=PBackgroundStorage::Msg_Observe) Channel error: cannot send/recv


###!!! [Parent][RunMessage] Error: Channel closing: too late to send/recv, messages will be lost

1608890393447	mozrunner::runner	INFO	Running command: "/Applications/Firefox.app/Contents/MacOS/firefox-bin" "-marionette" "-foreground" "-no-remote" "-profile" "/var/folders/1f/7zs79q6j4pq_nrtq2qp7j06h0000gn/T/rust_mozprofile8sV8vm"
console.warn: SearchSettings: "get: No settings file exists, new profile?" (new Error("", "(unknown module)"))
1608890397998	Marionette	INFO	Listening on port 58918
1608890398115	Marionette	WARN	TLS certificate errors will be ignored for this session
1608890401945	Marionette	INFO	Stopped listening on port 58918

###!!! [Parent][RunMessage] Error: Channel closing: too late to send/recv, messages will be lost

1608891781442	mozrunner::runner	INFO	Running command: "/Applications/Firefox.app/Contents/MacOS/firefox-bin" "-marionette" "-foreground" "-no-remote" "-profile" "/var/folders/1f/7zs79q6j4pq_nrtq2qp7j06h0000gn/T/rust_mozprofileYy6yfF"
console.warn: SearchSettings: "get: No settings file exists, new profile?" (new Error("", "(unknown module)"))
1608891791687	Marionette	INFO	Listening on port 59303
1608891791885	Marionette	WARN	TLS certificate errors will be ignored for this session
1608891798163	Marionette	INFO	Stopped listening on port 59303

###!!! [Parent][MessageChannel] Error: (msgtype=0x1F0011,name=PBackgroundStorage::Msg_Observe) Channel error: cannot send/recv


###!!! [Parent][MessageChannel] Error: (msgtype=0x1F0011,name=PBackgroundStorage::Msg_Observe) Channel error: cannot send/recv


###!!! [Parent][RunMessage] Error: Channel closing: too late to send/recv, messages will be lost

1608895868265	mozrunner::runner	INFO	Running command: "/Applications/Firefox.app/Contents/MacOS/firefox-bin" "-marionette" "-foreground" "-no-remote" "-profile" "/var/folders/1f/7zs79q6j4pq_nrtq2qp7j06h0000gn/T/rust_mozprofilebw3N5N"
console.warn: SearchSettings: "get: No settings file exists, new profile?" (new Error("", "(unknown module)"))
1608895878023	Marionette	INFO	Listening on port 61138
1608895878129	Marionette	WARN	TLS certificate errors will be ignored for this session
1608895883755	Marionette	INFO	Stopped listening on port 61138

###!!! [Parent][RunMessage] Error: Channel closing: too late to send/recv, messages will be lost

1608965427778	mozrunner::runner	INFO	Running command: "/Applications/Firefox.app/Contents/MacOS/firefox-bin" "-marionette" "-foreground" "-no-remote" "-profile" "/var/folders/1f/7zs79q6j4pq_nrtq2qp7j06h0000gn/T/rust_mozprofilenmap44"
console.warn: SearchSettings: "get: No settings file exists, new profile?" (new Error("", "(unknown module)"))
1608965437495	Marionette	INFO	Listening on port 52150
1608965437647	Marionette	WARN	TLS certificate errors will be ignored for this session
1608965446908	Marionette	INFO	Stopped listening on port 52150

###!!! [Parent][RunMessage] Error: Channel closing: too late to send/recv, messages will be lost

1608999518341	mozrunner::runner	INFO	Running command: "/Applications/Firefox.app/Contents/MacOS/firefox-bin" "-marionette" "-foreground" "-no-remote" "-profile" "/var/folders/1f/7zs79q6j4pq_nrtq2qp7j06h0000gn/T/rust_mozprofile302hNK"
console.warn: SearchSettings: "get: No settings file exists, new profile?" (new Error("", "(unknown module)"))
1608999528617	Marionette	INFO	Listening on port 54100
1608999528763	Marionette	WARN	TLS certificate errors will be ignored for this session
1608999534157	Marionette	INFO	Stopped listening on port 54100

###!!! [Parent][RunMessage] Error: Channel closing: too late to send/recv, messages will be lost

1609003833016	mozrunner::runner	INFO	Running command: "/Applications/Firefox.app/Contents/MacOS/firefox-bin" "-marionette" "-foreground" "-no-remote" "-profile" "/var/folders/1f/7zs79q6j4pq_nrtq2qp7j06h0000gn/T/rust_mozprofile2wTLZQ"
console.warn: SearchSettings: "get: No settings file exists, new profile?" (new Error("", "(unknown module)"))
1609003843767	Marionette	INFO	Listening on port 54631
1609003843937	Marionette	WARN	TLS certificate errors will be ignored for this session
1609003849313	Marionette	INFO	Stopped listening on port 54631

###!!! [Parent][RunMessage] Error: Channel closing: too late to send/recv, messages will be lost

1609005754796	mozrunner::runner	INFO	Running command: "/Applications/Firefox.app/Contents/MacOS/firefox-bin" "-marionette" "-foreground" "-no-remote" "-profile" "/var/folders/1f/7zs79q6j4pq_nrtq2qp7j06h0000gn/T/rust_mozprofiley18XhA"
console.warn: SearchSettings: "get: No settings file exists, new profile?" (new Error("", "(unknown module)"))
1609005764081	Marionette	INFO	Listening on port 54934
1609005764184	Marionette	WARN	TLS certificate errors will be ignored for this session
1609005770608	Marionette	INFO	Stopped listening on port 54934

###!!! [Parent][RunMessage] Error: Channel closing: too late to send/recv, messages will be lost

1609006465242	mozrunner::runner	INFO	Running command: "/Applications/Firefox.app/Contents/MacOS/firefox-bin" "-marionette" "-foreground" "-no-remote" "-profile" "/var/folders/1f/7zs79q6j4pq_nrtq2qp7j06h0000gn/T/rust_mozprofileG0LlHk"
console.warn: SearchSettings: "get: No settings file exists, new profile?" (new Error("", "(unknown module)"))
1609006475401	Marionette	INFO	Listening on port 55273
1609006475552	Marionette	WARN	TLS certificate errors will be ignored for this session
1609006481586	Marionette	INFO	Stopped listening on port 55273

###!!! [Parent][RunMessage] Error: Channel closing: too late to send/recv, messages will be lost

1609053072799	mozrunner::runner	INFO	Running command: "/Applications/Firefox.app/Contents/MacOS/firefox-bin" "-marionette" "-foreground" "-no-remote" "-profile" "/var/folders/1f/7zs79q6j4pq_nrtq2qp7j06h0000gn/T/rust_mozprofileZ2Nc4b"
console.warn: SearchSettings: "get: No settings file exists, new profile?" (new Error("", "(unknown module)"))
1609053083329	Marionette	INFO	Listening on port 56552
1609053083459	Marionette	WARN	TLS certificate errors will be ignored for this session
1609053088466	Marionette	INFO	Stopped listening on port 56552

###!!! [Parent][RunMessage] Error: Channel closing: too late to send/recv, messages will be lost

1609053741686	mozrunner::runner	INFO	Running command: "/Applications/Firefox.app/Contents/MacOS/firefox-bin" "-marionette" "-foreground" "-no-remote" "-profile" "/var/folders/1f/7zs79q6j4pq_nrtq2qp7j06h0000gn/T/rust_mozprofile5qJrHC"
console.warn: SearchSettings: "get: No settings file exists, new profile?" (new Error("", "(unknown module)"))
1609053751207	Marionette	INFO	Listening on port 56905
1609053751340	Marionette	WARN	TLS certificate errors will be ignored for this session
1609053755990	Marionette	INFO	Stopped listening on port 56905

###!!! [Parent][RunMessage] Error: Channel closing: too late to send/recv, messages will be lost

1609055323024	mozrunner::runner	INFO	Running command: "/Applications/Firefox.app/Contents/MacOS/firefox-bin" "-marionette" "-foreground" "-no-remote" "-profile" "/var/folders/1f/7zs79q6j4pq_nrtq2qp7j06h0000gn/T/rust_mozprofilePNIsQY"
console.warn: SearchSettings: "get: No settings file exists, new profile?" (new Error("", "(unknown module)"))
1609055332057	Marionette	INFO	Listening on port 57339
1609055332133	Marionette	WARN	TLS certificate errors will be ignored for this session
1609055337082	Marionette	INFO	Stopped listening on port 57339

###!!! [Parent][MessageChannel] Error: (msgtype=0x1F0011,name=PBackgroundStorage::Msg_Observe) Channel error: cannot send/recv


###!!! [Parent][MessageChannel] Error: (msgtype=0x1F0011,name=PBackgroundStorage::Msg_Observe) Channel error: cannot send/recv


###!!! [Parent][RunMessage] Error: Channel closing: too late to send/recv, messages will be lost

1609057734039	mozrunner::runner	INFO	Running command: "/Applications/Firefox.app/Contents/MacOS/firefox-bin" "-marionette" "-foreground" "-no-remote" "-profile" "/var/folders/1f/7zs79q6j4pq_nrtq2qp7j06h0000gn/T/rust_mozprofileWv20ln"
console.warn: SearchSettings: "get: No settings file exists, new profile?" (new Error("", "(unknown module)"))
1609057743766	Marionette	INFO	Listening on port 57610
1609057743934	Marionette	WARN	TLS certificate errors will be ignored for this session
1609057749029	Marionette	INFO	Stopped listening on port 57610

###!!! [Parent][RunMessage] Error: Channel closing: too late to send/recv, messages will be lost

1609058092556	mozrunner::runner	INFO	Running command: "/Applications/Firefox.app/Contents/MacOS/firefox-bin" "-marionette" "-foreground" "-no-remote" "-profile" "/var/folders/1f/7zs79q6j4pq_nrtq2qp7j06h0000gn/T/rust_mozprofileZqvkSo"
console.warn: SearchSettings: "get: No settings file exists, new profile?" (new Error("", "(unknown module)"))
1609058102738	Marionette	INFO	Listening on port 57877
1609058102858	Marionette	WARN	TLS certificate errors will be ignored for this session
1609058107947	Marionette	INFO	Stopped listening on port 57877

###!!! [Parent][RunMessage] Error: Channel closing: too late to send/recv, messages will be lost

1609058187475	mozrunner::runner	INFO	Running command: "/Applications/Firefox.app/Contents/MacOS/firefox-bin" "-marionette" "-foreground" "-no-remote" "-profile" "/var/folders/1f/7zs79q6j4pq_nrtq2qp7j06h0000gn/T/rust_mozprofile7h5p6m"
console.warn: SearchSettings: "get: No settings file exists, new profile?" (new Error("", "(unknown module)"))
1609058193110	Marionette	INFO	Listening on port 58078
1609058193213	Marionette	WARN	TLS certificate errors will be ignored for this session
1609058197359	Marionette	INFO	Stopped listening on port 58078

###!!! [Parent][RunMessage] Error: Channel closing: too late to send/recv, messages will be lost

1609092517307	mozrunner::runner	INFO	Running command: "/Applications/Firefox.app/Contents/MacOS/firefox-bin" "-marionette" "-foreground" "-no-remote" "-profile" "/var/folders/1f/7zs79q6j4pq_nrtq2qp7j06h0000gn/T/rust_mozprofileBodfUb"
console.warn: SearchSettings: "get: No settings file exists, new profile?" (new Error("", "(unknown module)"))
1609092527460	Marionette	INFO	Listening on port 59162
1609092527593	Marionette	WARN	TLS certificate errors will be ignored for this session
1609092534990	Marionette	INFO	Stopped listening on port 59162

###!!! [Parent][RunMessage] Error: Channel closing: too late to send/recv, messages will be lost

1609093354534	mozrunner::runner	INFO	Running command: "/Applications/Firefox.app/Contents/MacOS/firefox-bin" "-marionette" "-foreground" "-no-remote" "-profile" "/var/folders/1f/7zs79q6j4pq_nrtq2qp7j06h0000gn/T/rust_mozprofilefd6V21"
console.warn: SearchSettings: "get: No settings file exists, new profile?" (new Error("", "(unknown module)"))
1609093363530	Marionette	INFO	Listening on port 59527
1609093363643	Marionette	WARN	TLS certificate errors will be ignored for this session
1609093370372	Marionette	INFO	Stopped listening on port 59527

###!!! [Parent][RunMessage] Error: Channel closing: too late to send/recv, messages will be lost

1609094979856	mozrunner::runner	INFO	Running command: "/Applications/Firefox.app/Contents/MacOS/firefox-bin" "-marionette" "-foreground" "-no-remote" "-profile" "/var/folders/1f/7zs79q6j4pq_nrtq2qp7j06h0000gn/T/rust_mozprofileNegKWX"
console.warn: SearchSettings: "get: No settings file exists, new profile?" (new Error("", "(unknown module)"))
1609094988287	Marionette	INFO	Listening on port 60208
1609094988390	Marionette	WARN	TLS certificate errors will be ignored for this session
1609094993897	Marionette	INFO	Stopped listening on port 60208

###!!! [Parent][MessageChannel] Error: (msgtype=0x1F0011,name=PBackgroundStorage::Msg_Observe) Channel error: cannot send/recv


###!!! [Parent][MessageChannel] Error: (msgtype=0x1F0011,name=PBackgroundStorage::Msg_Observe) Channel error: cannot send/recv


###!!! [Parent][RunMessage] Error: Channel closing: too late to send/recv, messages will be lost

1609095033189	mozrunner::runner	INFO	Running command: "/Applications/Firefox.app/Contents/MacOS/firefox-bin" "-marionette" "-foreground" "-no-remote" "-profile" "/var/folders/1f/7zs79q6j4pq_nrtq2qp7j06h0000gn/T/rust_mozprofileqNqjqV"
console.warn: SearchSettings: "get: No settings file exists, new profile?" (new Error("", "(unknown module)"))
1609095036898	Marionette	INFO	Listening on port 60385
1609095037074	Marionette	WARN	TLS certificate errors will be ignored for this session
1609095041503	Marionette	INFO	Stopped listening on port 60385
1609095188840	mozrunner::runner	INFO	Running command: "/Applications/Firefox.app/Contents/MacOS/firefox-bin" "-marionette" "-foreground" "-no-remote" "-profile" "/var/folders/1f/7zs79q6j4pq_nrtq2qp7j06h0000gn/T/rust_mozprofileKqDLaf"
console.warn: SearchSettings: "get: No settings file exists, new profile?" (new Error("", "(unknown module)"))
1609095198792	Marionette	INFO	Listening on port 60567
1609095198933	Marionette	WARN	TLS certificate errors will be ignored for this session
1609095204750	Marionette	INFO	Stopped listening on port 60567

###!!! [Parent][RunMessage] Error: Channel closing: too late to send/recv, messages will be lost

1609096709076	mozrunner::runner	INFO	Running command: "/Applications/Firefox.app/Contents/MacOS/firefox-bin" "-marionette" "-foreground" "-no-remote" "-profile" "/var/folders/1f/7zs79q6j4pq_nrtq2qp7j06h0000gn/T/rust_mozprofileClmR4X"
console.warn: SearchSettings: "get: No settings file exists, new profile?" (new Error("", "(unknown module)"))
1609096717449	Marionette	INFO	Listening on port 61010
1609096717541	Marionette	WARN	TLS certificate errors will be ignored for this session
1609096725569	Marionette	INFO	Stopped listening on port 61010
JavaScript error: resource://gre/modules/UrlClassifierListManager.jsm, line 691: TypeError: this.tablesData[table] is undefined

###!!! [Parent][RunMessage] Error: Channel closing: too late to send/recv, messages will be lost

1609139748221	mozrunner::runner	INFO	Running command: "/Applications/Firefox.app/Contents/MacOS/firefox-bin" "-marionette" "-foreground" "-no-remote" "-profile" "/var/folders/1f/7zs79q6j4pq_nrtq2qp7j06h0000gn/T/rust_mozprofilePFPoVA"
console.warn: SearchSettings: "get: No settings file exists, new profile?" (new Error("", "(unknown module)"))
1609139758106	Marionette	INFO	Listening on port 65432
1609139758217	Marionette	WARN	TLS certificate errors will be ignored for this session
1609139758433	Marionette	INFO	Stopped listening on port 65432
JavaScript error: resource://activity-stream/lib/ASRouter.jsm, line 987: NS_ERROR_ILLEGAL_VALUE: Component returned failure code: 0x80070057 (NS_ERROR_ILLEGAL_VALUE) [nsIObserverService.removeObserver]

###!!! [Parent][RunMessage] Error: Channel closing: too late to send/recv, messages will be lost

1609139811970	mozrunner::runner	INFO	Running command: "/Applications/Firefox.app/Contents/MacOS/firefox-bin" "-marionette" "-foreground" "-no-remote" "-profile" "/var/folders/1f/7zs79q6j4pq_nrtq2qp7j06h0000gn/T/rust_mozprofileZz3DII"
console.warn: SearchSettings: "get: No settings file exists, new profile?" (new Error("", "(unknown module)"))
1609139817026	Marionette	INFO	Listening on port 49188
1609139817066	Marionette	WARN	TLS certificate errors will be ignored for this session
1609139817178	Marionette	INFO	Stopped listening on port 49188
JavaScript error: resource://activity-stream/lib/ASRouter.jsm, line 987: NS_ERROR_ILLEGAL_VALUE: Component returned failure code: 0x80070057 (NS_ERROR_ILLEGAL_VALUE) [nsIObserverService.removeObserver]
1609140704521	mozrunner::runner	INFO	Running command: "/Applications/Firefox.app/Contents/MacOS/firefox-bin" "-marionette" "-foreground" "-no-remote" "-profile" "/var/folders/1f/7zs79q6j4pq_nrtq2qp7j06h0000gn/T/rust_mozprofileUtxbNO"
console.warn: SearchSettings: "get: No settings file exists, new profile?" (new Error("", "(unknown module)"))
1609140714127	Marionette	INFO	Listening on port 49694
1609140714287	Marionette	WARN	TLS certificate errors will be ignored for this session
1609140719931	Marionette	INFO	Stopped listening on port 49694

###!!! [Parent][RunMessage] Error: Channel closing: too late to send/recv, messages will be lost

1609141791691	mozrunner::runner	INFO	Running command: "/Applications/Firefox.app/Contents/MacOS/firefox-bin" "-marionette" "-foreground" "-no-remote" "-profile" "/var/folders/1f/7zs79q6j4pq_nrtq2qp7j06h0000gn/T/rust_mozprofileyJg3PY"
console.warn: SearchSettings: "get: No settings file exists, new profile?" (new Error("", "(unknown module)"))
1609141799231	Marionette	INFO	Listening on port 50146
1609141799353	Marionette	WARN	TLS certificate errors will be ignored for this session
1609141803810	Marionette	INFO	Stopped listening on port 50146

###!!! [Parent][RunMessage] Error: Channel closing: too late to send/recv, messages will be lost

1609141822162	mozrunner::runner	INFO	Running command: "/Applications/Firefox.app/Contents/MacOS/firefox-bin" "-marionette" "-foreground" "-no-remote" "-profile" "/var/folders/1f/7zs79q6j4pq_nrtq2qp7j06h0000gn/T/rust_mozprofileNOEGcm"
console.warn: SearchSettings: "get: No settings file exists, new profile?" (new Error("", "(unknown module)"))
1609141826230	Marionette	INFO	Listening on port 50303
1609141826317	Marionette	WARN	TLS certificate errors will be ignored for this session
1609141826530	Marionette	INFO	Stopped listening on port 50303
JavaScript error: resource://activity-stream/lib/ASRouter.jsm, line 987: NS_ERROR_ILLEGAL_VALUE: Component returned failure code: 0x80070057 (NS_ERROR_ILLEGAL_VALUE) [nsIObserverService.removeObserver]

###!!! [Parent][RunMessage] Error: Channel closing: too late to send/recv, messages will be lost

1609142852808	mozrunner::runner	INFO	Running command: "/Applications/Firefox.app/Contents/MacOS/firefox-bin" "-marionette" "-foreground" "-no-remote" "-profile" "/var/folders/1f/7zs79q6j4pq_nrtq2qp7j06h0000gn/T/rust_mozprofileHMU860"
console.warn: SearchSettings: "get: No settings file exists, new profile?" (new Error("", "(unknown module)"))
1609142860790	Marionette	INFO	Listening on port 50760
1609142860949	Marionette	WARN	TLS certificate errors will be ignored for this session
1609142865867	Marionette	INFO	Stopped listening on port 50760

###!!! [Parent][RunMessage] Error: Channel closing: too late to send/recv, messages will be lost

1609171113811	mozrunner::runner	INFO	Running command: "/Applications/Firefox.app/Contents/MacOS/firefox-bin" "-marionette" "-foreground" "-no-remote" "-profile" "/var/folders/1f/7zs79q6j4pq_nrtq2qp7j06h0000gn/T/rust_mozprofileLmQlwD"
console.warn: SearchSettings: "get: No settings file exists, new profile?" (new Error("", "(unknown module)"))
1609171123978	Marionette	INFO	Listening on port 54467
1609171124097	Marionette	WARN	TLS certificate errors will be ignored for this session
1609171129365	Marionette	INFO	Stopped listening on port 54467

###!!! [Parent][RunMessage] Error: Channel closing: too late to send/recv, messages will be lost

1609226539258	mozrunner::runner	INFO	Running command: "/Applications/Firefox.app/Contents/MacOS/firefox-bin" "-marionette" "-foreground" "-no-remote" "-profile" "/var/folders/1f/7zs79q6j4pq_nrtq2qp7j06h0000gn/T/rust_mozprofileZJ74cO"
console.warn: SearchSettings: "get: No settings file exists, new profile?" (new Error("", "(unknown module)"))
1609226549584	Marionette	INFO	Listening on port 59083
1609226549678	Marionette	WARN	TLS certificate errors will be ignored for this session
1609226555277	Marionette	INFO	Stopped listening on port 59083

###!!! [Parent][MessageChannel] Error: (msgtype=0x1F0011,name=PBackgroundStorage::Msg_Observe) Channel error: cannot send/recv


###!!! [Parent][MessageChannel] Error: (msgtype=0x1F0011,name=PBackgroundStorage::Msg_Observe) Channel error: cannot send/recv


###!!! [Parent][RunMessage] Error: Channel closing: too late to send/recv, messages will be lost

1609226984629	mozrunner::runner	INFO	Running command: "/Applications/Firefox.app/Contents/MacOS/firefox-bin" "-marionette" "-foreground" "-no-remote" "-profile" "/var/folders/1f/7zs79q6j4pq_nrtq2qp7j06h0000gn/T/rust_mozprofile7eBqPb"
console.warn: SearchSettings: "get: No settings file exists, new profile?" (new Error("", "(unknown module)"))
1609226994360	Marionette	INFO	Listening on port 59848
1609226994476	Marionette	WARN	TLS certificate errors will be ignored for this session
1609227001217	Marionette	INFO	Stopped listening on port 59848

###!!! [Parent][RunMessage] Error: Channel closing: too late to send/recv, messages will be lost

1609227337557	mozrunner::runner	INFO	Running command: "/Applications/Firefox.app/Contents/MacOS/firefox-bin" "-marionette" "-foreground" "-no-remote" "-profile" "/var/folders/1f/7zs79q6j4pq_nrtq2qp7j06h0000gn/T/rust_mozprofile6Oko9g"
console.warn: SearchSettings: "get: No settings file exists, new profile?" (new Error("", "(unknown module)"))
1609227346086	Marionette	INFO	Listening on port 60409
1609227346185	Marionette	WARN	TLS certificate errors will be ignored for this session
1609227351174	Marionette	INFO	Stopped listening on port 60409

###!!! [Parent][MessageChannel] Error: (msgtype=0x1F0011,name=PBackgroundStorage::Msg_Observe) Channel error: cannot send/recv


###!!! [Parent][MessageChannel] Error: (msgtype=0x1F0011,name=PBackgroundStorage::Msg_Observe) Channel error: cannot send/recv


###!!! [Parent][RunMessage] Error: Channel closing: too late to send/recv, messages will be lost

1609227421225	mozrunner::runner	INFO	Running command: "/Applications/Firefox.app/Contents/MacOS/firefox-bin" "-marionette" "-foreground" "-no-remote" "-profile" "/var/folders/1f/7zs79q6j4pq_nrtq2qp7j06h0000gn/T/rust_mozprofile57L334"
console.warn: SearchSettings: "get: No settings file exists, new profile?" (new Error("", "(unknown module)"))
1609227425682	Marionette	INFO	Listening on port 60667
1609227425718	Marionette	WARN	TLS certificate errors will be ignored for this session
1609227430930	Marionette	INFO	Stopped listening on port 60667
1609227753999	mozrunner::runner	INFO	Running command: "/Applications/Firefox.app/Contents/MacOS/firefox-bin" "-marionette" "-foreground" "-no-remote" "-profile" "/var/folders/1f/7zs79q6j4pq_nrtq2qp7j06h0000gn/T/rust_mozprofile5Hsziu"
console.warn: SearchSettings: "get: No settings file exists, new profile?" (new Error("", "(unknown module)"))
1609227762739	Marionette	INFO	Listening on port 61152
1609227762927	Marionette	WARN	TLS certificate errors will be ignored for this session
1609227769069	Marionette	INFO	Stopped listening on port 61152

###!!! [Parent][RunMessage] Error: Channel closing: too late to send/recv, messages will be lost

1609227783125	mozrunner::runner	INFO	Running command: "/Applications/Firefox.app/Contents/MacOS/firefox-bin" "-marionette" "-foreground" "-no-remote" "-profile" "/var/folders/1f/7zs79q6j4pq_nrtq2qp7j06h0000gn/T/rust_mozprofilerGbuNr"
console.warn: SearchSettings: "get: No settings file exists, new profile?" (new Error("", "(unknown module)"))
1609227787141	Marionette	INFO	Listening on port 61356
1609227787300	Marionette	WARN	TLS certificate errors will be ignored for this session
1609227791400	Marionette	INFO	Stopped listening on port 61356
1609227843822	mozrunner::runner	INFO	Running command: "/Applications/Firefox.app/Contents/MacOS/firefox-bin" "-marionette" "-foreground" "-no-remote" "-profile" "/var/folders/1f/7zs79q6j4pq_nrtq2qp7j06h0000gn/T/rust_mozprofileMCRSZy"
console.warn: SearchSettings: "get: No settings file exists, new profile?" (new Error("", "(unknown module)"))
1609227849143	Marionette	INFO	Listening on port 61550
1609227849202	Marionette	WARN	TLS certificate errors will be ignored for this session
1609227854247	Marionette	INFO	Stopped listening on port 61550
1609228050348	mozrunner::runner	INFO	Running command: "/Applications/Firefox.app/Contents/MacOS/firefox-bin" "-marionette" "-foreground" "-no-remote" "-profile" "/var/folders/1f/7zs79q6j4pq_nrtq2qp7j06h0000gn/T/rust_mozprofile4KfSBA"
console.warn: SearchSettings: "get: No settings file exists, new profile?" (new Error("", "(unknown module)"))
1609228059540	Marionette	INFO	Listening on port 61916
1609228059729	Marionette	WARN	TLS certificate errors will be ignored for this session
1609228065132	Marionette	INFO	Stopped listening on port 61916

###!!! [Parent][RunMessage] Error: Channel closing: too late to send/recv, messages will be lost

1609228632414	mozrunner::runner	INFO	Running command: "/Applications/Firefox.app/Contents/MacOS/firefox-bin" "-marionette" "-foreground" "-no-remote" "-profile" "/var/folders/1f/7zs79q6j4pq_nrtq2qp7j06h0000gn/T/rust_mozprofilegjHb1N"
console.warn: SearchSettings: "get: No settings file exists, new profile?" (new Error("", "(unknown module)"))
1609228641325	Marionette	INFO	Listening on port 62710
1609228641451	Marionette	WARN	TLS certificate errors will be ignored for this session
1609228647456	Marionette	INFO	Stopped listening on port 62710

###!!! [Parent][RunMessage] Error: Channel closing: too late to send/recv, messages will be lost

1609228758691	mozrunner::runner	INFO	Running command: "/Applications/Firefox.app/Contents/MacOS/firefox-bin" "-marionette" "-foreground" "-no-remote" "-profile" "/var/folders/1f/7zs79q6j4pq_nrtq2qp7j06h0000gn/T/rust_mozprofilej3JZuj"
console.warn: SearchSettings: "get: No settings file exists, new profile?" (new Error("", "(unknown module)"))
1609228767407	Marionette	INFO	Listening on port 63025
1609228767549	Marionette	WARN	TLS certificate errors will be ignored for this session
1609228773701	Marionette	INFO	Stopped listening on port 63025

###!!! [Parent][RunMessage] Error: Channel closing: too late to send/recv, messages will be lost

1609228812511	mozrunner::runner	INFO	Running command: "/Applications/Firefox.app/Contents/MacOS/firefox-bin" "-marionette" "-foreground" "-no-remote" "-profile" "/var/folders/1f/7zs79q6j4pq_nrtq2qp7j06h0000gn/T/rust_mozprofiley4GW5y"
console.warn: SearchSettings: "get: No settings file exists, new profile?" (new Error("", "(unknown module)"))
1609228816467	Marionette	INFO	Listening on port 63256
1609228816592	Marionette	WARN	TLS certificate errors will be ignored for this session
1609228822822	Marionette	INFO	Stopped listening on port 63256

###!!! [Parent][RunMessage] Error: Channel closing: too late to send/recv, messages will be lost

1609229511102	mozrunner::runner	INFO	Running command: "/Applications/Firefox.app/Contents/MacOS/firefox-bin" "-marionette" "-foreground" "-no-remote" "-profile" "/var/folders/1f/7zs79q6j4pq_nrtq2qp7j06h0000gn/T/rust_mozprofile5QPbmF"
console.warn: SearchSettings: "get: No settings file exists, new profile?" (new Error("", "(unknown module)"))
1609229519567	Marionette	INFO	Listening on port 64132
1609229519673	Marionette	WARN	TLS certificate errors will be ignored for this session
1609229524981	Marionette	INFO	Stopped listening on port 64132

###!!! [Parent][MessageChannel] Error: (msgtype=0x1F0011,name=PBackgroundStorage::Msg_Observe) Channel error: cannot send/recv


###!!! [Parent][MessageChannel] Error: (msgtype=0x1F0011,name=PBackgroundStorage::Msg_Observe) Channel error: cannot send/recv


###!!! [Parent][RunMessage] Error: Channel closing: too late to send/recv, messages will be lost

1609318470675	mozrunner::runner	INFO	Running command: "/Applications/Firefox.app/Contents/MacOS/firefox-bin" "-marionette" "-foreground" "-no-remote" "-profile" "/var/folders/1f/7zs79q6j4pq_nrtq2qp7j06h0000gn/T/rust_mozprofileiVAiV9"
console.warn: SearchSettings: "get: No settings file exists, new profile?" (new Error("", "(unknown module)"))
1609318482236	Marionette	INFO	Listening on port 62553
1609318482380	Marionette	WARN	TLS certificate errors will be ignored for this session
1609318488001	Marionette	INFO	Stopped listening on port 62553

###!!! [Parent][RunMessage] Error: Channel closing: too late to send/recv, messages will be lost

1609321727239	mozrunner::runner	INFO	Running command: "/Applications/Firefox.app/Contents/MacOS/firefox-bin" "-marionette" "-foreground" "-no-remote" "-profile" "/var/folders/1f/7zs79q6j4pq_nrtq2qp7j06h0000gn/T/rust_mozprofileqmHOdw"
console.warn: SearchSettings: "get: No settings file exists, new profile?" (new Error("", "(unknown module)"))
1609321745190	Marionette	INFO	Listening on port 63382
1609321745717	Marionette	WARN	TLS certificate errors will be ignored for this session
1609321759709	Marionette	INFO	Stopped listening on port 63382

###!!! [Parent][MessageChannel] Error: (msgtype=0x1F0011,name=PBackgroundStorage::Msg_Observe) Channel error: cannot send/recv


###!!! [Parent][MessageChannel] Error: (msgtype=0x1F0011,name=PBackgroundStorage::Msg_Observe) Channel error: cannot send/recv


###!!! [Parent][RunMessage] Error: Channel closing: too late to send/recv, messages will be lost

1609335445867	mozrunner::runner	INFO	Running command: "/Applications/Firefox.app/Contents/MacOS/firefox-bin" "-marionette" "-foreground" "-no-remote" "-profile" "/var/folders/1f/7zs79q6j4pq_nrtq2qp7j06h0000gn/T/rust_mozprofile5NOb7X"
console.warn: SearchSettings: "get: No settings file exists, new profile?" (new Error("", "(unknown module)"))
1609335455953	Marionette	INFO	Listening on port 65438
1609335456072	Marionette	WARN	TLS certificate errors will be ignored for this session
1609335461560	Marionette	INFO	Stopped listening on port 65438

###!!! [Parent][RunMessage] Error: Channel closing: too late to send/recv, messages will be lost

1609335490068	mozrunner::runner	INFO	Running command: "/Applications/Firefox.app/Contents/MacOS/firefox-bin" "-marionette" "-foreground" "-no-remote" "-profile" "/var/folders/1f/7zs79q6j4pq_nrtq2qp7j06h0000gn/T/rust_mozprofile4hu7xi"
console.warn: SearchSettings: "get: No settings file exists, new profile?" (new Error("", "(unknown module)"))
1609335494686	Marionette	INFO	Listening on port 49244
1609335494794	Marionette	WARN	TLS certificate errors will be ignored for this session
1609335499149	Marionette	INFO	Stopped listening on port 49244
1609337833783	mozrunner::runner	INFO	Running command: "/Applications/Firefox.app/Contents/MacOS/firefox-bin" "-marionette" "-foreground" "-no-remote" "-profile" "/var/folders/1f/7zs79q6j4pq_nrtq2qp7j06h0000gn/T/rust_mozprofileu09zrZ"
console.warn: SearchSettings: "get: No settings file exists, new profile?" (new Error("", "(unknown module)"))
1609337842686	Marionette	INFO	Listening on port 50328
1609337842765	Marionette	WARN	TLS certificate errors will be ignored for this session
1609337847778	Marionette	INFO	Stopped listening on port 50328

###!!! [Parent][RunMessage] Error: Channel closing: too late to send/recv, messages will be lost

1609658713922	mozrunner::runner	INFO	Running command: "/Applications/Firefox.app/Contents/MacOS/firefox-bin" "-marionette" "-foreground" "-no-remote" "-profile" "/var/folders/1f/7zs79q6j4pq_nrtq2qp7j06h0000gn/T/rust_mozprofilekk9n2C"
console.warn: SearchSettings: "get: No settings file exists, new profile?" (new Error("", "(unknown module)"))
1609658723958	Marionette	INFO	Listening on port 61009
1609658724148	Marionette	WARN	TLS certificate errors will be ignored for this session
1609658731500	Marionette	INFO	Stopped listening on port 61009

###!!! [Parent][RunMessage] Error: Channel closing: too late to send/recv, messages will be lost

1609663161661	mozrunner::runner	INFO	Running command: "/Applications/Firefox.app/Contents/MacOS/firefox-bin" "-marionette" "-foreground" "-no-remote" "-profile" "/var/folders/1f/7zs79q6j4pq_nrtq2qp7j06h0000gn/T/rust_mozprofileOlfYka"
console.warn: SearchSettings: "get: No settings file exists, new profile?" (new Error("", "(unknown module)"))
1609663172539	Marionette	INFO	Listening on port 63057
1609663172678	Marionette	WARN	TLS certificate errors will be ignored for this session
1609663178544	Marionette	INFO	Stopped listening on port 63057

###!!! [Parent][RunMessage] Error: Channel closing: too late to send/recv, messages will be lost

1609663275755	mozrunner::runner	INFO	Running command: "/Applications/Firefox.app/Contents/MacOS/firefox-bin" "-marionette" "-foreground" "-no-remote" "-profile" "/var/folders/1f/7zs79q6j4pq_nrtq2qp7j06h0000gn/T/rust_mozprofileaeE2PQ"
console.warn: SearchSettings: "get: No settings file exists, new profile?" (new Error("", "(unknown module)"))
1609663284792	Marionette	INFO	Listening on port 63273
1609663284916	Marionette	WARN	TLS certificate errors will be ignored for this session
1609663290626	Marionette	INFO	Stopped listening on port 63273

###!!! [Parent][RunMessage] Error: Channel closing: too late to send/recv, messages will be lost

1609664691035	mozrunner::runner	INFO	Running command: "/Applications/Firefox.app/Contents/MacOS/firefox-bin" "-marionette" "-foreground" "-no-remote" "-profile" "/var/folders/1f/7zs79q6j4pq_nrtq2qp7j06h0000gn/T/rust_mozprofilelurn01"
console.warn: SearchSettings: "get: No settings file exists, new profile?" (new Error("", "(unknown module)"))
1609664700546	Marionette	INFO	Listening on port 64016
1609664700675	Marionette	WARN	TLS certificate errors will be ignored for this session
1609664706832	Marionette	INFO	Stopped listening on port 64016

###!!! [Parent][RunMessage] Error: Channel closing: too late to send/recv, messages will be lost

1609664737275	mozrunner::runner	INFO	Running command: "/Applications/Firefox.app/Contents/MacOS/firefox-bin" "-marionette" "-foreground" "-no-remote" "-profile" "/var/folders/1f/7zs79q6j4pq_nrtq2qp7j06h0000gn/T/rust_mozprofile79dk1x"
console.warn: SearchSettings: "get: No settings file exists, new profile?" (new Error("", "(unknown module)"))
1609664745670	Marionette	INFO	Listening on port 64239
1609664745808	Marionette	WARN	TLS certificate errors will be ignored for this session
1609664756284	Marionette	INFO	Stopped listening on port 64239

###!!! [Parent][MessageChannel] Error: (msgtype=0x1F0011,name=PBackgroundStorage::Msg_Observe) Channel error: cannot send/recv


###!!! [Parent][MessageChannel] Error: (msgtype=0x1F0011,name=PBackgroundStorage::Msg_Observe) Channel error: cannot send/recv


###!!! [Parent][RunMessage] Error: Channel closing: too late to send/recv, messages will be lost

1609664786450	mozrunner::runner	INFO	Running command: "/Applications/Firefox.app/Contents/MacOS/firefox-bin" "-marionette" "-foreground" "-no-remote" "-profile" "/var/folders/1f/7zs79q6j4pq_nrtq2qp7j06h0000gn/T/rust_mozprofileg2zPHD"
console.warn: SearchSettings: "get: No settings file exists, new profile?" (new Error("", "(unknown module)"))
1609664792154	Marionette	INFO	Listening on port 64412
1609664792214	Marionette	WARN	TLS certificate errors will be ignored for this session
1609664796500	Marionette	INFO	Stopped listening on port 64412
1609682508209	mozrunner::runner	INFO	Running command: "/Applications/Firefox.app/Contents/MacOS/firefox-bin" "-marionette" "-foreground" "-no-remote" "-profile" "/var/folders/1f/7zs79q6j4pq_nrtq2qp7j06h0000gn/T/rust_mozprofilew3Qv5Y"
console.warn: SearchSettings: "get: No settings file exists, new profile?" (new Error("", "(unknown module)"))
1609682518442	Marionette	INFO	Listening on port 57469
1609682518568	Marionette	WARN	TLS certificate errors will be ignored for this session
1609682526285	Marionette	INFO	Stopped listening on port 57469

###!!! [Parent][RunMessage] Error: Channel closing: too late to send/recv, messages will be lost

1609682879602	mozrunner::runner	INFO	Running command: "/Applications/Firefox.app/Contents/MacOS/firefox-bin" "-marionette" "-foreground" "-no-remote" "-profile" "/var/folders/1f/7zs79q6j4pq_nrtq2qp7j06h0000gn/T/rust_mozprofileF7R0jU"
console.warn: SearchSettings: "get: No settings file exists, new profile?" (new Error("", "(unknown module)"))
1609682889243	Marionette	INFO	Listening on port 57986
1609682889380	Marionette	WARN	TLS certificate errors will be ignored for this session
1609682896447	Marionette	INFO	Stopped listening on port 57986

###!!! [Parent][RunMessage] Error: Channel closing: too late to send/recv, messages will be lost

1609682975775	mozrunner::runner	INFO	Running command: "/Applications/Firefox.app/Contents/MacOS/firefox-bin" "-marionette" "-foreground" "-no-remote" "-profile" "/var/folders/1f/7zs79q6j4pq_nrtq2qp7j06h0000gn/T/rust_mozprofilefoqluA"
console.warn: SearchSettings: "get: No settings file exists, new profile?" (new Error("", "(unknown module)"))
1609682981371	Marionette	INFO	Listening on port 58242
1609682981431	Marionette	WARN	TLS certificate errors will be ignored for this session
1609682988036	Marionette	INFO	Stopped listening on port 58242

###!!! [Parent][RunMessage] Error: Channel closing: too late to send/recv, messages will be lost

1609684703511	mozrunner::runner	INFO	Running command: "/Applications/Firefox.app/Contents/MacOS/firefox-bin" "-marionette" "-foreground" "-no-remote" "-profile" "/var/folders/1f/7zs79q6j4pq_nrtq2qp7j06h0000gn/T/rust_mozprofileEgssU4"
console.warn: SearchSettings: "get: No settings file exists, new profile?" (new Error("", "(unknown module)"))
1609684770256	Marionette	INFO	Listening on port 59703
1609684808615	mozrunner::runner	INFO	Running command: "/Applications/Firefox.app/Contents/MacOS/firefox-bin" "-marionette" "-foreground" "-no-remote" "-profile" "/var/folders/1f/7zs79q6j4pq_nrtq2qp7j06h0000gn/T/rust_mozprofileTE7sah"
console.warn: SearchSettings: "get: No settings file exists, new profile?" (new Error("", "(unknown module)"))
1609684826624	Marionette	INFO	Listening on port 59997
1609684827159	Marionette	WARN	TLS certificate errors will be ignored for this session
1609684847064	Marionette	INFO	Stopped listening on port 59997

###!!! [Parent][RunMessage] Error: Channel closing: too late to send/recv, messages will be lost

JavaScript error: chrome://browser/content/places/browserPlacesViews.js, line 131: Error: No DOM node set for aPlacesNode.
node.type: 0. node.parent: [xpconnect wrapped nsINavHistoryResultNode]
JavaScript error: chrome://browser/content/places/browserPlacesViews.js, line 131: Error: No DOM node set for aPlacesNode.
node.type: 0. node.parent: [xpconnect wrapped nsINavHistoryResultNode]
JavaScript error: chrome://browser/content/places/browserPlacesViews.js, line 131: Error: No DOM node set for aPlacesNode.
node.type: 0. node.parent: [xpconnect wrapped nsINavHistoryResultNode]
1609692729026	Marionette	INFO	Stopped listening on port 59703

###!!! [Parent][RunMessage] Error: Channel closing: too late to send/recv, messages will be lost

1609960826831	mozrunner::runner	INFO	Running command: "/Applications/Firefox.app/Contents/MacOS/firefox-bin" "-marionette" "-foreground" "-no-remote" "-profile" "/var/folders/1f/7zs79q6j4pq_nrtq2qp7j06h0000gn/T/rust_mozprofilejGwi5e"
console.warn: SearchSettings: "get: No settings file exists, new profile?" (new Error("", "(unknown module)"))
1609960837656	Marionette	INFO	Listening on port 56467
1609960837804	Marionette	WARN	TLS certificate errors will be ignored for this session
1609960843254	Marionette	INFO	Stopped listening on port 56467

###!!! [Parent][RunMessage] Error: Channel closing: too late to send/recv, messages will be lost

1609961343404	mozrunner::runner	INFO	Running command: "/Applications/Firefox.app/Contents/MacOS/firefox-bin" "-marionette" "-foreground" "-no-remote" "-profile" "/var/folders/1f/7zs79q6j4pq_nrtq2qp7j06h0000gn/T/rust_mozprofileM1PIdu"
console.warn: SearchSettings: "get: No settings file exists, new profile?" (new Error("", "(unknown module)"))
1609961352109	Marionette	INFO	Listening on port 56938
1609961352208	Marionette	WARN	TLS certificate errors will be ignored for this session
1609961357622	Marionette	INFO	Stopped listening on port 56938

###!!! [Parent][RunMessage] Error: Channel closing: too late to send/recv, messages will be lost

1609961530941	mozrunner::runner	INFO	Running command: "/Applications/Firefox.app/Contents/MacOS/firefox-bin" "-marionette" "-foreground" "-no-remote" "-profile" "/var/folders/1f/7zs79q6j4pq_nrtq2qp7j06h0000gn/T/rust_mozprofile1Kk17j"
console.warn: SearchSettings: "get: No settings file exists, new profile?" (new Error("", "(unknown module)"))
1609961539905	Marionette	INFO	Listening on port 57292
1609961540055	Marionette	WARN	TLS certificate errors will be ignored for this session
1609961545539	Marionette	INFO	Stopped listening on port 57292

###!!! [Parent][RunMessage] Error: Channel closing: too late to send/recv, messages will be lost

1609962002904	mozrunner::runner	INFO	Running command: "/Applications/Firefox.app/Contents/MacOS/firefox-bin" "-marionette" "-foreground" "-no-remote" "-profile" "/var/folders/1f/7zs79q6j4pq_nrtq2qp7j06h0000gn/T/rust_mozprofileMEFLlc"
console.warn: SearchSettings: "get: No settings file exists, new profile?" (new Error("", "(unknown module)"))
1609962012731	Marionette	INFO	Listening on port 57674
1609962012926	Marionette	WARN	TLS certificate errors will be ignored for this session
1609962018406	Marionette	INFO	Stopped listening on port 57674

###!!! [Parent][RunMessage] Error: Channel closing: too late to send/recv, messages will be lost

1609962213284	mozrunner::runner	INFO	Running command: "/Applications/Firefox.app/Contents/MacOS/firefox-bin" "-marionette" "-foreground" "-no-remote" "-profile" "/var/folders/1f/7zs79q6j4pq_nrtq2qp7j06h0000gn/T/rust_mozprofileXujNax"
console.warn: SearchSettings: "get: No settings file exists, new profile?" (new Error("", "(unknown module)"))
1609962221740	Marionette	INFO	Listening on port 57917
1609962221836	Marionette	WARN	TLS certificate errors will be ignored for this session
1609962256808	Marionette	INFO	Stopped listening on port 57917

###!!! [Parent][RunMessage] Error: Channel closing: too late to send/recv, messages will be lost

